GHCi, version 7.6.3: http://www.haskell.org/ghc/  :? for help
Loading package ghc-prim ... linking ... done.
Loading package integer-gmp ... linking ... done.
Loading package base ... linking ... done.
[1 of 1] Compiling Infsabot.Base    ( Infsabot/Base.hs, interpreted )
Ok, modules loaded: Infsabot.Base.
*Infsabot.Base> Leaving GHCi.
GHCi, version 7.6.3: http://www.haskell.org/ghc/  :? for help
Loading package ghc-prim ... linking ... done.
Loading package integer-gmp ... linking ... done.
Loading package base ... linking ... done.
[1 of 7] Compiling Infsabot.Parameters ( Infsabot/Parameters.hs, interpreted )
[2 of 7] Compiling Infsabot.Base    ( Infsabot/Base.hs, interpreted )
[3 of 7] Compiling Infsabot.RobotAction ( Infsabot/RobotAction.hs, interpreted )
[4 of 7] Compiling Infsabot.Robot   ( Infsabot/Robot.hs, interpreted )
[5 of 7] Compiling Infsabot.Constants ( Infsabot/Constants.hs, interpreted )
[6 of 7] Compiling Infsabot.MathTools ( Infsabot/MathTools.hs, interpreted )
[7 of 7] Compiling Infsabot.Board   ( Infsabot/Board.hs, interpreted )
Ok, modules loaded: Infsabot.Board, Infsabot.MathTools, Infsabot.Constants, Infsabot.Base, Infsabot.Robot, Infsabot.RobotAction, Infsabot.Parameters.
*Infsabot.Board> Leaving GHCi.
GHCi, version 7.6.3: http://www.haskell.org/ghc/  :? for help
Loading package ghc-prim ... linking ... done.
Loading package integer-gmp ... linking ... done.
Loading package base ... linking ... done.
[1 of 1] Compiling Infsabot.Constants ( Infsabot/Constants.hs, interpreted )
Ok, modules loaded: Infsabot.Constants.
*Infsabot.Constants> Leaving GHCi.
GHCi, version 7.6.3: http://www.haskell.org/ghc/  :? for help
Loading package ghc-prim ... linking ... done.
Loading package integer-gmp ... linking ... done.
Loading package base ... linking ... done.
[1 of 8] Compiling Infsabot.Constants ( Infsabot/Constants.hs, interpreted )
[2 of 8] Compiling Infsabot.MathTools ( Infsabot/MathTools.hs, interpreted )
[3 of 8] Compiling Infsabot.Base    ( Infsabot/Base.hs, interpreted )
[4 of 8] Compiling Infsabot.Parameters ( Infsabot/Parameters.hs, interpreted )
[5 of 8] Compiling Infsabot.RobotAction ( Infsabot/RobotAction.hs, interpreted )
[6 of 8] Compiling Infsabot.Robot   ( Infsabot/Robot.hs, interpreted )
[7 of 8] Compiling Infsabot.Board   ( Infsabot/Board.hs, interpreted )
[8 of 8] Compiling Infsabot.GamePlay ( Infsabot/GamePlay.hs, interpreted )
Ok, modules loaded: Infsabot.GamePlay, Infsabot.Board, Infsabot.Robot, Infsabot.RobotAction, Infsabot.Parameters, Infsabot.Base, Infsabot.MathTools, Infsabot.Constants.
*Infsabot.GamePlay> Leaving GHCi.
GHCi, version 7.6.3: http://www.haskell.org/ghc/  :? for help
Loading package ghc-prim ... linking ... done.
Loading package integer-gmp ... linking ... done.
Loading package base ... linking ... done.
[1 of 1] Compiling Infsabot.MathTools ( Infsabot/MathTools.hs, interpreted )
Ok, modules loaded: Infsabot.MathTools.
*Infsabot.MathTools> Leaving GHCi.
GHCi, version 7.6.3: http://www.haskell.org/ghc/  :? for help
Loading package ghc-prim ... linking ... done.
Loading package integer-gmp ... linking ... done.
Loading package base ... linking ... done.
[1 of 1] Compiling Infsabot.Parameters ( Infsabot/Parameters.hs, interpreted )
Ok, modules loaded: Infsabot.Parameters.
*Infsabot.Parameters> Leaving GHCi.
GHCi, version 7.6.3: http://www.haskell.org/ghc/  :? for help
Loading package ghc-prim ... linking ... done.
Loading package integer-gmp ... linking ... done.
Loading package base ... linking ... done.
[1 of 3] Compiling Infsabot.Parameters ( Infsabot/Parameters.hs, interpreted )
[2 of 3] Compiling Infsabot.Base    ( Infsabot/Base.hs, interpreted )
[3 of 3] Compiling Infsabot.RobotAction ( Infsabot/RobotAction.hs, interpreted )
Ok, modules loaded: Infsabot.RobotAction, Infsabot.Base, Infsabot.Parameters.
*Infsabot.RobotAction> Leaving GHCi.
GHCi, version 7.6.3: http://www.haskell.org/ghc/  :? for help
Loading package ghc-prim ... linking ... done.
Loading package integer-gmp ... linking ... done.
Loading package base ... linking ... done.
[1 of 4] Compiling Infsabot.Parameters ( Infsabot/Parameters.hs, interpreted )
[2 of 4] Compiling Infsabot.Base    ( Infsabot/Base.hs, interpreted )
[3 of 4] Compiling Infsabot.RobotAction ( Infsabot/RobotAction.hs, interpreted )
[4 of 4] Compiling Infsabot.Robot   ( Infsabot/Robot.hs, interpreted )
Ok, modules loaded: Infsabot.Robot, Infsabot.Base, Infsabot.RobotAction, Infsabot.Parameters.
*Infsabot.Robot> Leaving GHCi.
GHCi, version 7.6.3: http://www.haskell.org/ghc/  :? for help
Loading package ghc-prim ... linking ... done.
Loading package integer-gmp ... linking ... done.
Loading package base ... linking ... done.
[1 of 7] Compiling Infsabot.Parameters ( Infsabot/Parameters.hs, interpreted )
[2 of 7] Compiling Infsabot.Base    ( Infsabot/Base.hs, interpreted )
[3 of 7] Compiling Infsabot.RobotAction ( Infsabot/RobotAction.hs, interpreted )
[4 of 7] Compiling Infsabot.Robot   ( Infsabot/Robot.hs, interpreted )
[5 of 7] Compiling Infsabot.Constants ( Infsabot/Constants.hs, interpreted )
[6 of 7] Compiling Infsabot.MathTools ( Infsabot/MathTools.hs, interpreted )
[7 of 7] Compiling Infsabot.Board   ( Infsabot/Board.hs, interpreted )
Ok, modules loaded: Infsabot.Board, Infsabot.MathTools, Infsabot.Constants, Infsabot.Base, Infsabot.Robot, Infsabot.RobotAction, Infsabot.Parameters.
*Infsabot.Board> *Infsabot.Board> Loading package array-0.4.0.1 ... linking ... done.
Loading package deepseq-1.3.0.1 ... linking ... done.
Loading package containers-0.5.0.0 ... linking ... done.
Loading package bytestring-0.10.0.2 ... linking ... done.
Loading package binary-0.5.1.1 ... linking ... done.
Loading package random-access-list-0.2 ... linking ... done.
Loading package transformers-0.4.3.0 ... linking ... done.
Loading package mtl-2.2.1 ... linking ... done.
Loading package primitive-0.6 ... linking ... done.
Loading package vector-0.11.0.0 ... linking ... done.
Loading package zlib-0.6.1.1 ... linking ... done.
Loading package JuicyPixels-3.2.6.1 ... linking ... done.
*Infsabot.Board> Leaving GHCi.
